c:\users\user\onedrive\c++\pathfinding\pathfinding\x64\debug\vc143.pdb
c:\users\user\onedrive\c++\pathfinding\pathfinding\x64\debug\vc143.idb
c:\users\user\onedrive\c++\pathfinding\pathfinding\x64\debug\imgui_widgets.obj
c:\users\user\onedrive\c++\pathfinding\pathfinding\x64\debug\imgui_tables.obj
c:\users\user\onedrive\c++\pathfinding\pathfinding\x64\debug\imgui_draw.obj
c:\users\user\onedrive\c++\pathfinding\pathfinding\x64\debug\imgui_demo.obj
c:\users\user\onedrive\c++\pathfinding\pathfinding\x64\debug\imgui.obj
c:\users\user\onedrive\c++\pathfinding\pathfinding\x64\debug\imgui_impl_opengl3.obj
c:\users\user\onedrive\c++\pathfinding\pathfinding\x64\debug\imgui_impl_glfw.obj
c:\users\user\onedrive\c++\pathfinding\pathfinding\x64\debug\dijkstra.obj
c:\users\user\onedrive\c++\pathfinding\pathfinding\x64\debug\cluster.obj
c:\users\user\onedrive\c++\pathfinding\pathfinding\x64\debug\pathfinding.obj
c:\users\user\onedrive\c++\pathfinding\x64\debug\pathfinding.exe
c:\users\user\onedrive\c++\pathfinding\x64\debug\pathfinding.pdb
c:\users\user\onedrive\c++\pathfinding\pathfinding\x64\debug\pathfinding.ilk
c:\users\user\onedrive\c++\pathfinding\pathfinding\x64\debug\pathfinding.tlog\cl.command.1.tlog
c:\users\user\onedrive\c++\pathfinding\pathfinding\x64\debug\pathfinding.tlog\cl.items.tlog
c:\users\user\onedrive\c++\pathfinding\pathfinding\x64\debug\pathfinding.tlog\cl.read.1.tlog
c:\users\user\onedrive\c++\pathfinding\pathfinding\x64\debug\pathfinding.tlog\cl.write.1.tlog
c:\users\user\onedrive\c++\pathfinding\pathfinding\x64\debug\pathfinding.tlog\link.command.1.tlog
c:\users\user\onedrive\c++\pathfinding\pathfinding\x64\debug\pathfinding.tlog\link.read.1.tlog
c:\users\user\onedrive\c++\pathfinding\pathfinding\x64\debug\pathfinding.tlog\link.secondary.1.tlog
c:\users\user\onedrive\c++\pathfinding\pathfinding\x64\debug\pathfinding.tlog\link.write.1.tlog
